<?xml version="1.0" encoding="UTF-8"?>
<testsuite name="testproject.CalculatorTest" tests="2" skipped="0" failures="0" errors="0" timestamp="2024-01-23T14:31:21" hostname="P1NK-G00S3-PC" time="0.008">
  <properties/>
  <testcase name="testSum()" classname="testproject.CalculatorTest" time="0.004"/>
  <testcase name="testSubtract()" classname="testproject.CalculatorTest" time="0.002"/>
  <system-out><![CDATA[]]></system-out>
  <system-err><![CDATA[]]></system-err>
</testsuite>
