<?xml version="1.0" encoding="UTF-8"?>
<testsuite name="testproject.AggregatorTest" tests="3" skipped="0" failures="0" errors="0" timestamp="2024-01-23T14:31:21" hostname="P1NK-G00S3-PC" time="0.103">
  <properties/>
  <testcase name="testInitialState()" classname="testproject.AggregatorTest" time="0.093"/>
  <testcase name="testMultipleAdditions()" classname="testproject.AggregatorTest" time="0.003"/>
  <testcase name="testSingleAddition()" classname="testproject.AggregatorTest" time="0.002"/>
  <system-out><![CDATA[]]></system-out>
  <system-err><![CDATA[]]></system-err>
</testsuite>
